[INFO] Scanning for projects...
[INFO] 
[INFO] ----------------------< com.smartcampus:backend >-----------------------
[INFO] Building Smart Campus Hub Backend 0.0.1-SNAPSHOT
[INFO]   from pom.xml
[INFO] --------------------------------[ jar ]---------------------------------
Downloading from central: https://repo.maven.apache.org/maven2/org/apache/maven/plugins/maven-surefire-plugin/3.5.5/maven-surefire-plugin-3.5.5.pom
Progress (1): 827 B
Progress (1): 2.1 kB
Progress (1): 4.9 kB
                    
Downloaded from central: https://repo.maven.apache.org/maven2/org/apache/maven/plugins/maven-surefire-plugin/3.5.5/maven-surefire-plugin-3.5.5.pom (4.9 kB at 8.8 kB/s)
Downloading from central: https://repo.maven.apache.org/maven2/org/apache/maven/surefire/surefire/3.5.5/surefire-3.5.5.pom
Progress (1): 791 B
Progress (1): 1.8 kB
Progress (1): 3.6 kB
Progress (1): 5.7 kB
Progress (1): 8.7 kB
Progress (1): 12 kB 
Progress (1): 14 kB
Progress (1): 16 kB
Progress (1): 18 kB
Progress (1): 19 kB
                   
Downloaded from central: https://repo.maven.apache.org/maven2/org/apache/maven/surefire/surefire/3.5.5/surefire-3.5.5.pom (19 kB at 163 kB/s)
Downloading from central: https://repo.maven.apache.org/maven2/org/apache/maven/maven-parent/47/maven-parent-47.pom
Progress (1): 716 B
Progress (1): 1.6 kB
Progress (1): 4.4 kB
Progress (1): 8.4 kB
Progress (1): 12 kB 
Progress (1): 16 kB
Progress (1): 21 kB
Progress (1): 23 kB
Progress (1): 27 kB
Progress (1): 28 kB
Progress (1): 31 kB
Progress (1): 34 kB
Progress (1): 38 kB
Progress (1): 39 kB
Progress (1): 43 kB
Progress (1): 45 kB
Progress (1): 48 kB
Progress (1): 53 kB
Progress (1): 54 kB
                   
Downloaded from central: https://repo.maven.apache.org/maven2/org/apache/maven/maven-parent/47/maven-parent-47.pom (54 kB at 542 kB/s)
Downloading from central: https://repo.maven.apache.org/maven2/org/apache/maven/plugins/maven-install-plugin/3.1.4/maven-install-plugin-3.1.4.pom
Progress (1): 786 B
Progress (1): 1.8 kB
Progress (1): 3.7 kB
Progress (1): 7.5 kB
Progress (1): 8.1 kB
                    
Downloaded from central: https://repo.maven.apache.org/maven2/org/apache/maven/plugins/maven-install-plugin/3.1.4/maven-install-plugin-3.1.4.pom (8.1 kB at 125 kB/s)
Downloading from central: https://repo.maven.apache.org/maven2/org/apache/maven/plugins/maven-plugins/43/maven-plugins-43.pom
Progress (1): 773 B
Progress (1): 1.8 kB
Progress (1): 4.3 kB
Progress (1): 6.8 kB
Progress (1): 7.5 kB
                    
Downloaded from central: https://repo.maven.apache.org/maven2/org/apache/maven/plugins/maven-plugins/43/maven-plugins-43.pom (7.5 kB at 101 kB/s)
[INFO] 
[INFO] --- clean:3.5.0:clean (default-clean) @ backend ---
[INFO] Deleting C:\Users\Admin\Desktop\Smart_Campus_Hub_V2\backend\target
[INFO] 
[INFO] --- resources:3.3.1:resources (default-resources) @ backend ---
[INFO] Copying 1 resource from src\main\resources to target\classes
[INFO] Copying 0 resource from src\main\resources to target\classes
[INFO] 
[INFO] --- compiler:3.14.1:compile (default-compile) @ backend ---
[INFO] Recompiling the module because of changed source code.
[INFO] Compiling 6 source files with javac [debug parameters release 21] to target\classes
mvn : WARNING: A terminally deprecated 
method in sun.misc.Unsafe has been called
At line:1 char:1
+ mvn clean install -DskipTests 2>&1 | 
Out-File "C:\Users\Admin\Desktop ...
+ ~~~~~~~~~~~~~~~~~~~~~~~~~~~~~~~~~~
    + CategoryInfo          : 
NotSpecified:     (WARNING: A term...has 
been called:Str    ing) [], 
RemoteException
    + FullyQualifiedErrorId : 
NativeCommand    Error
 
WARNING: 
sun.misc.Unsafe::objectFieldOffset has 
been called by lombok.permit.Permit
WARNING: Please consider reporting this 
to the maintainers of class 
lombok.permit.Permit
WARNING: 
sun.misc.Unsafe::objectFieldOffset will 
be removed in a future release
[INFO] 
[INFO] --- resources:3.3.1:testResources (default-testResources) @ backend ---
[INFO] skip non existing resourceDirectory C:\Users\Admin\Desktop\Smart_Campus_Hub_V2\backend\src\test\resources
[INFO] 
[INFO] --- compiler:3.14.1:testCompile (default-testCompile) @ backend ---
[INFO] Recompiling the module because of changed dependency.
[INFO] Compiling 1 source file with javac [debug parameters release 21] to target\test-classes
[INFO] 
[INFO] --- surefire:3.5.5:test (default-test) @ backend ---
Downloading from central: https://repo.maven.apache.org/maven2/org/apache/maven/surefire/surefire-api/3.5.5/surefire-api-3.5.5.pom
Progress (1): 833 B
Progress (1): 2.1 kB
Progress (1): 3.7 kB
                    
Downloaded from central: https://repo.maven.apache.org/maven2/org/apache/maven/surefire/surefire-api/3.5.5/surefire-api-3.5.5.pom (3.7 kB at 30 kB/s)
Downloading from central: https://repo.maven.apache.org/maven2/org/apache/maven/surefire/surefire-logger-api/3.5.5/surefire-logger-api-3.5.5.pom
Progress (1): 826 B
Progress (1): 1.7 kB
Progress (1): 3.5 kB
                    
Downloaded from central: https://repo.maven.apache.org/maven2/org/apache/maven/surefire/surefire-logger-api/3.5.5/surefire-logger-api-3.5.5.pom (3.5 kB at 37 kB/s)
Downloading from central: https://repo.maven.apache.org/maven2/org/apache/maven/surefire/surefire-shared-utils/3.5.5/surefire-shared-utils-3.5.5.pom
Progress (1): 1.1 kB
Progress (1): 3.6 kB
Progress (1): 4.0 kB
                    
Downloaded from central: https://repo.maven.apache.org/maven2/org/apache/maven/surefire/surefire-shared-utils/3.5.5/surefire-shared-utils-3.5.5.pom (4.0 kB at 49 kB/s)
Downloading from central: https://repo.maven.apache.org/maven2/org/apache/maven/surefire/surefire-extensions-api/3.5.5/surefire-extensions-api-3.5.5.pom
Progress (1): 833 B
Progress (1): 2.5 kB
Progress (1): 3.6 kB
                    
Downloaded from central: https://repo.maven.apache.org/maven2/org/apache/maven/surefire/surefire-extensions-api/3.5.5/surefire-extensions-api-3.5.5.pom (3.6 kB at 63 kB/s)
Downloading from central: https://repo.maven.apache.org/maven2/org/apache/maven/surefire/maven-surefire-common/3.5.5/maven-surefire-common-3.5.5.pom
Progress (1): 822 B
Progress (1): 2.8 kB
Progress (1): 6.6 kB
Progress (1): 7.3 kB
                    
Downloaded from central: https://repo.maven.apache.org/maven2/org/apache/maven/surefire/maven-surefire-common/3.5.5/maven-surefire-common-3.5.5.pom (7.3 kB at 81 kB/s)
Downloading from central: https://repo.maven.apache.org/maven2/org/apache/maven/surefire/surefire-booter/3.5.5/surefire-booter-3.5.5.pom
Progress (1): 830 B
Progress (1): 2.3 kB
Progress (1): 5.1 kB
                    
Downloaded from central: https://repo.maven.apache.org/maven2/org/apache/maven/surefire/surefire-booter/3.5.5/surefire-booter-3.5.5.pom (5.1 kB at 66 kB/s)
Downloading from central: https://repo.maven.apache.org/maven2/org/apache/maven/surefire/surefire-extensions-spi/3.5.5/surefire-extensions-spi-3.5.5.pom
Progress (1): 872 B
Progress (1): 1.7 kB
                    
Downloaded from central: https://repo.maven.apache.org/maven2/org/apache/maven/surefire/surefire-extensions-spi/3.5.5/surefire-extensions-spi-3.5.5.pom (1.7 kB at 26 kB/s)
Downloading from central: https://repo.maven.apache.org/maven2/org/codehaus/plexus/plexus-java/1.5.2/plexus-java-1.5.2.pom
Progress (1): 1.9 kB
Progress (1): 4.1 kB
                    
Downloaded from central: https://repo.maven.apache.org/maven2/org/codehaus/plexus/plexus-java/1.5.2/plexus-java-1.5.2.pom (4.1 kB at 42 kB/s)
Downloading from central: https://repo.maven.apache.org/maven2/org/codehaus/plexus/plexus-languages/1.5.2/plexus-languages-1.5.2.pom
Progress (1): 1.4 kB
Progress (1): 3.9 kB
                    
Downloaded from central: https://repo.maven.apache.org/maven2/org/codehaus/plexus/plexus-languages/1.5.2/plexus-languages-1.5.2.pom (3.9 kB at 38 kB/s)
Downloading from central: https://repo.maven.apache.org/maven2/org/codehaus/plexus/plexus/24/plexus-24.pom
Progress (1): 689 B
Progress (1): 2.5 kB
Progress (1): 6.4 kB
Progress (1): 8.8 kB
Progress (1): 11 kB 
Progress (1): 12 kB
Progress (1): 16 kB
Progress (1): 18 kB
Progress (1): 21 kB
Progress (1): 24 kB
Progress (1): 29 kB
Progress (1): 31 kB
                   
Downloaded from central: https://repo.maven.apache.org/maven2/org/codehaus/plexus/plexus/24/plexus-24.pom (31 kB at 255 kB/s)
Downloading from central: https://repo.maven.apache.org/maven2/org/ow2/asm/asm/9.9.1/asm-9.9.1.pom
Progress (1): 1.3 kB
Progress (1): 2.4 kB
                    
Downloaded from central: https://repo.maven.apache.org/maven2/org/ow2/asm/asm/9.9.1/asm-9.9.1.pom (2.4 kB at 28 kB/s)
Downloading from central: https://repo.maven.apache.org/maven2/org/apache/maven/surefire/surefire-api/3.5.5/surefire-api-3.5.5.jar
Downloading from central: https://repo.maven.apache.org/maven2/org/apache/maven/surefire/surefire-logger-api/3.5.5/surefire-logger-api-3.5.5.jar
Downloading from central: https://repo.maven.apache.org/maven2/org/apache/maven/surefire/surefire-extensions-api/3.5.5/surefire-extensions-api-3.5.5.jar
Downloading from central: https://repo.maven.apache.org/maven2/org/apache/maven/surefire/maven-surefire-common/3.5.5/maven-surefire-common-3.5.5.jar
Downloading from central: https://repo.maven.apache.org/maven2/org/apache/maven/surefire/surefire-shared-utils/3.5.5/surefire-shared-utils-3.5.5.jar
Progress (1): 3.8/174 kB
Progress (1): 8.0/174 kB
Progress (1): 12/174 kB 
Progress (1): 16/174 kB
Progress (1): 21/174 kB
Progress (1): 25/174 kB
Progress (1): 29/174 kB
Progress (1): 33/174 kB
Progress (1): 37/174 kB
Progress (1): 41/174 kB
Progress (1): 46/174 kB
Progress (1): 50/174 kB
Progress (1): 54/174 kB
Progress (1): 58/174 kB
Progress (1): 63/174 kB
Progress (1): 67/174 kB
Progress (1): 71/174 kB
Progress (1): 75/174 kB
Progress (1): 80/174 kB
Progress (1): 84/174 kB
Progress (1): 88/174 kB
Progress (1): 92/174 kB
Progress (1): 96/174 kB
Progress (1): 101/174 kB
Progress (1): 105/174 kB
Progress (1): 109/174 kB
Progress (1): 113/174 kB
Progress (1): 118/174 kB
Progress (1): 122/174 kB
Progress (1): 126/174 kB
Progress (1): 142/174 kB
Progress (1): 156/174 kB
Progress (2): 156/174 kB | 0.9/316 kB
Progress (2): 156/174 kB | 2.3/316 kB
Progress (2): 156/174 kB | 3.6/316 kB
Progress (2): 156/174 kB | 5.0/316 kB
Progress (2): 156/174 kB | 6.4/316 kB
Progress (2): 156/174 kB | 7.7/316 kB
Progress (2): 156/174 kB | 8.2/316 kB
Progress (2): 156/174 kB | 9.6/316 kB
Progress (2): 156/174 kB | 11/316 kB 
Progress (2): 156/174 kB | 12/316 kB
Progress (2): 156/174 kB | 14/316 kB
Progress (2): 156/174 kB | 15/316 kB
Progress (2): 156/174 kB | 16/316 kB
Progress (2): 156/174 kB | 18/316 kB
Progress (2): 156/174 kB | 19/316 kB
Progress (2): 156/174 kB | 21/316 kB
Progress (3): 156/174 kB | 21/316 kB | 0.9/14 kB
Progress (4): 156/174 kB | 21/316 kB | 0.9/14 kB | 0/3.0 MB
Progress (4): 156/174 kB | 22/316 kB | 0.9/14 kB | 0/3.0 MB
Progress (4): 156/174 kB | 22/316 kB | 2.3/14 kB | 0/3.0 MB
Progress (4): 156/174 kB | 22/316 kB | 2.3/14 kB | 0/3.0 MB
Progress (4): 156/174 kB | 23/316 kB | 2.3/14 kB | 0/3.0 MB
Progress (4): 156/174 kB | 23/316 kB | 3.6/14 kB | 0/3.0 MB
Progress (4): 156/174 kB | 23/316 kB | 3.6/14 kB | 0/3.0 MB
Progress (4): 156/174 kB | 23/316 kB | 5.0/14 kB | 0/3.0 MB
Progress (4): 156/174 kB | 25/316 kB | 5.0/14 kB | 0/3.0 MB
Progress (4): 156/174 kB | 25/316 kB | 5.0/14 kB | 0/3.0 MB
Progress (4): 156/174 kB | 25/316 kB | 6.4/14 kB | 0/3.0 MB
Progress (4): 156/174 kB | 26/316 kB | 6.4/14 kB | 0/3.0 MB
Progress (4): 156/174 kB | 26/316 kB | 6.4/14 kB | 0/3.0 MB
Progress (4): 156/174 kB | 26/316 kB | 7.7/14 kB | 0/3.0 MB
Progress (4): 156/174 kB | 26/316 kB | 7.7/14 kB | 0/3.0 MB
Progress (4): 156/174 kB | 26/316 kB | 8.2/14 kB | 0/3.0 MB
Progress (4): 156/174 kB | 27/316 kB | 8.2/14 kB | 0/3.0 MB
Progress (4): 156/174 kB | 27/316 kB | 8.2/14 kB | 0/3.0 MB
Progress (4): 156/174 kB | 27/316 kB | 9.6/14 kB | 0/3.0 MB
Progress (4): 156/174 kB | 29/316 kB | 9.6/14 kB | 0/3.0 MB
Progress (4): 156/174 kB | 29/316 kB | 11/14 kB | 0/3.0 MB 
Progress (4): 156/174 kB | 30/316 kB | 11/14 kB | 0/3.0 MB
Progress (4): 156/174 kB | 30/316 kB | 11/14 kB | 0/3.0 MB
Progress (4): 156/174 kB | 30/316 kB | 12/14 kB | 0/3.0 MB
Progress (4): 156/174 kB | 31/316 kB | 12/14 kB | 0/3.0 MB
Progress (4): 156/174 kB | 31/316 kB | 14 kB | 0/3.0 MB   
Progress (4): 156/174 kB | 31/316 kB | 14 kB | 0/3.0 MB
Progress (4): 156/174 kB | 33/316 kB | 14 kB | 0/3.0 MB
Progress (4): 156/174 kB | 33/316 kB | 14 kB | 0/3.0 MB
Progress (4): 156/174 kB | 34/316 kB | 14 kB | 0/3.0 MB
Progress (4): 156/174 kB | 34/316 kB | 14 kB | 0/3.0 MB
Progress (4): 156/174 kB | 36/316 kB | 14 kB | 0/3.0 MB
Progress (4): 156/174 kB | 36/316 kB | 14 kB | 0/3.0 MB
Progress (4): 156/174 kB | 37/316 kB | 14 kB | 0/3.0 MB
Progress (4): 156/174 kB | 37/316 kB | 14 kB | 0/3.0 MB
Progress (4): 156/174 kB | 37/316 kB | 14 kB | 0/3.0 MB
Progress (4): 156/174 kB | 37/316 kB | 14 kB | 0/3.0 MB
Progress (4): 156/174 kB | 38/316 kB | 14 kB | 0/3.0 MB
Progress (4): 156/174 kB | 38/316 kB | 14 kB | 0/3.0 MB
Progress (4): 156/174 kB | 40/316 kB | 14 kB | 0/3.0 MB
Progress (4): 156/174 kB | 40/316 kB | 14 kB | 0/3.0 MB
Progress (4): 156/174 kB | 40/316 kB | 14 kB | 0/3.0 MB
Progress (4): 156/174 kB | 41/316 kB | 14 kB | 0/3.0 MB
Progress (4): 156/174 kB | 41/316 kB | 14 kB | 0/3.0 MB
Progress (4): 156/174 kB | 42/316 kB | 14 kB | 0/3.0 MB
Progress (4): 156/174 kB | 42/316 kB | 14 kB | 0/3.0 MB
Progress (4): 156/174 kB | 44/316 kB | 14 kB | 0/3.0 MB
Progress (4): 156/174 kB | 44/316 kB | 14 kB | 0/3.0 MB
Progress (4): 156/174 kB | 45/316 kB | 14 kB | 0/3.0 MB
Progress (4): 156/174 kB | 45/316 kB | 14 kB | 0/3.0 MB
Progress (4): 156/174 kB | 47/316 kB | 14 kB | 0/3.0 MB
Progress (4): 156/174 kB | 47/316 kB | 14 kB | 0/3.0 MB
Progress (4): 156/174 kB | 47/316 kB | 14 kB | 0/3.0 MB
Progress (4): 156/174 kB | 48/316 kB | 14 kB | 0/3.0 MB
Progress (4): 156/174 kB | 49/316 kB | 14 kB | 0/3.0 MB
Progress (4): 156/174 kB | 49/316 kB | 14 kB | 0/3.0 MB
Progress (4): 156/174 kB | 51/316 kB | 14 kB | 0/3.0 MB
Progress (4): 156/174 kB | 51/316 kB | 14 kB | 0/3.0 MB
Progress (4): 156/174 kB | 52/316 kB | 14 kB | 0/3.0 MB
Progress (4): 156/174 kB | 52/316 kB | 14 kB | 0/3.0 MB
Progress (4): 156/174 kB | 53/316 kB | 14 kB | 0/3.0 MB
Progress (4): 156/174 kB | 53/316 kB | 14 kB | 0/3.0 MB
Progress (4): 156/174 kB | 55/316 kB | 14 kB | 0/3.0 MB
Progress (5): 156/174 kB | 55/316 kB | 14 kB | 0/3.0 MB | 0.9/26 kB
Progress (5): 156/174 kB | 55/316 kB | 14 kB | 0/3.0 MB | 0.9/26 kB
Progress (5): 156/174 kB | 59/316 kB | 14 kB | 0/3.0 MB | 0.9/26 kB
Progress (5): 156/174 kB | 59/316 kB | 14 kB | 0/3.0 MB | 2.3/26 kB
Progress (5): 156/174 kB | 59/316 kB | 14 kB | 0/3.0 MB | 2.3/26 kB
Progress (5): 156/174 kB | 59/316 kB | 14 kB | 0/3.0 MB | 3.6/26 kB
Progress (5): 156/174 kB | 59/316 kB | 14 kB | 0/3.0 MB | 3.6/26 kB
Progress (5): 156/174 kB | 63/316 kB | 14 kB | 0/3.0 MB | 3.6/26 kB
Progress (5): 156/174 kB | 63/316 kB | 14 kB | 0/3.0 MB | 3.6/26 kB
Progress (5): 156/174 kB | 63/316 kB | 14 kB | 0/3.0 MB | 5.0/26 kB
Progress (5): 156/174 kB | 63/316 kB | 14 kB | 0/3.0 MB | 5.0/26 kB
Progress (5): 156/174 kB | 63/316 kB | 14 kB | 0/3.0 MB | 6.4/26 kB
Progress (5): 156/174 kB | 63/316 kB | 14 kB | 0/3.0 MB | 6.4/26 kB
Progress (5): 156/174 kB | 63/316 kB | 14 kB | 0/3.0 MB | 6.4/26 kB
Progress (5): 156/174 kB | 63/316 kB | 14 kB | 0/3.0 MB | 7.7/26 kB
Progress (5): 156/174 kB | 63/316 kB | 14 kB | 0/3.0 MB | 7.7/26 kB
Progress (5): 156/174 kB | 63/316 kB | 14 kB | 0/3.0 MB | 9.1/26 kB
Progress (5): 156/174 kB | 63/316 kB | 14 kB | 0/3.0 MB | 9.1/26 kB
Progress (5): 156/174 kB | 63/316 kB | 14 kB | 0.1/3.0 MB | 9.1/26 kB
Progress (5): 156/174 kB | 63/316 kB | 14 kB | 0.1/3.0 MB | 10/26 kB 
Progress (5): 156/174 kB | 63/316 kB | 14 kB | 0.1/3.0 MB | 10/26 kB
Progress (5): 156/174 kB | 63/316 kB | 14 kB | 0.1/3.0 MB | 12/26 kB
Progress (5): 156/174 kB | 63/316 kB | 14 kB | 0.1/3.0 MB | 13/26 kB
Progress (5): 156/174 kB | 63/316 kB | 14 kB | 0.1/3.0 MB | 14/26 kB
Progress (5): 156/174 kB | 63/316 kB | 14 kB | 0.1/3.0 MB | 14/26 kB
Progress (5): 156/174 kB | 63/316 kB | 14 kB | 0.1/3.0 MB | 16/26 kB
Progress (5): 156/174 kB | 63/316 kB | 14 kB | 0.1/3.0 MB | 16/26 kB
Progress (5): 156/174 kB | 63/316 kB | 14 kB | 0.1/3.0 MB | 17/26 kB
Progress (5): 156/174 kB | 63/316 kB | 14 kB | 0.1/3.0 MB | 18/26 kB
Progress (5): 156/174 kB | 63/316 kB | 14 kB | 0.1/3.0 MB | 18/26 kB
Progress (5): 156/174 kB | 63/316 kB | 14 kB | 0.1/3.0 MB | 20/26 kB
Progress (5): 156/174 kB | 63/316 kB | 14 kB | 0.1/3.0 MB | 21/26 kB
Progress (5): 156/174 kB | 67/316 kB | 14 kB | 0.1/3.0 MB | 21/26 kB
Progress (5): 156/174 kB | 67/316 kB | 14 kB | 0.1/3.0 MB | 22/26 kB
Progress (5): 156/174 kB | 67/316 kB | 14 kB | 0.1/3.0 MB | 24/26 kB
Progress (5): 172/174 kB | 67/316 kB | 14 kB | 0.1/3.0 MB | 24/26 kB
Progress (5): 172/174 kB | 72/316 kB | 14 kB | 0.1/3.0 MB | 24/26 kB
Progress (5): 172/174 kB | 72/316 kB | 14 kB | 0.1/3.0 MB | 25/26 kB
Progress (5): 174 kB | 72/316 kB | 14 kB | 0.1/3.0 MB | 25/26 kB    
Progress (5): 174 kB | 72/316 kB | 14 kB | 0.1/3.0 MB | 26 kB   
Progress (5): 174 kB | 76/316 kB | 14 kB | 0.1/3.0 MB | 26 kB
                                                             
Downloaded from central: https://repo.maven.apache.org/maven2/org/apache/maven/surefire/surefire-logger-api/3.5.5/surefire-logger-api-3.5.5.jar (14 kB at 52 kB/s)
Downloading from central: https://repo.maven.apache.org/maven2/org/apache/maven/surefire/surefire-booter/3.5.5/surefire-booter-3.5.5.jar
Progress (4): 174 kB | 80/316 kB | 0.1/3.0 MB | 26 kB
                                                     
Downloaded from central: https://repo.maven.apache.org/maven2/org/apache/maven/surefire/surefire-extensions-api/3.5.5/surefire-extensions-api-3.5.5.jar (26 kB at 97 kB/s)
Downloaded from central: https://repo.maven.apache.org/maven2/org/apache/maven/surefire/surefire-api/3.5.5/surefire-api-3.5.5.jar (174 kB at 653 kB/s)
Downloading from central: https://repo.maven.apache.org/maven2/org/apache/maven/surefire/surefire-extensions-spi/3.5.5/surefire-extensions-spi-3.5.5.jar
Downloading from central: https://repo.maven.apache.org/maven2/org/codehaus/plexus/plexus-java/1.5.2/plexus-java-1.5.2.jar
Progress (2): 84/316 kB | 0.1/3.0 MB
Progress (2): 89/316 kB | 0.1/3.0 MB
Progress (2): 93/316 kB | 0.1/3.0 MB
Progress (2): 97/316 kB | 0.1/3.0 MB
Progress (2): 97/316 kB | 0.1/3.0 MB
Progress (2): 97/316 kB | 0.1/3.0 MB
Progress (2): 97/316 kB | 0.1/3.0 MB
Progress (2): 97/316 kB | 0.1/3.0 MB
Progress (2): 97/316 kB | 0.1/3.0 MB
Progress (2): 97/316 kB | 0.1/3.0 MB
Progress (2): 101/316 kB | 0.1/3.0 MB
Progress (2): 101/316 kB | 0.1/3.0 MB
Progress (2): 105/316 kB | 0.1/3.0 MB
Progress (2): 110/316 kB | 0.1/3.0 MB
Progress (2): 110/316 kB | 0.1/3.0 MB
Progress (2): 114/316 kB | 0.1/3.0 MB
Progress (2): 114/316 kB | 0.1/3.0 MB
Progress (2): 114/316 kB | 0.1/3.0 MB
Progress (2): 118/316 kB | 0.1/3.0 MB
Progress (2): 118/316 kB | 0.1/3.0 MB
Progress (2): 122/316 kB | 0.1/3.0 MB
Progress (2): 122/316 kB | 0.1/3.0 MB
Progress (2): 127/316 kB | 0.1/3.0 MB
Progress (2): 127/316 kB | 0.1/3.0 MB
Progress (2): 131/316 kB | 0.1/3.0 MB
Progress (2): 131/316 kB | 0.1/3.0 MB
Progress (2): 131/316 kB | 0.1/3.0 MB
Progress (2): 135/316 kB | 0.1/3.0 MB
Progress (2): 140/316 kB | 0.1/3.0 MB
Progress (2): 144/316 kB | 0.1/3.0 MB
Progress (2): 144/316 kB | 0.1/3.0 MB
Progress (2): 148/316 kB | 0.1/3.0 MB
Progress (2): 148/316 kB | 0.1/3.0 MB
Progress (2): 152/316 kB | 0.1/3.0 MB
Progress (2): 156/316 kB | 0.1/3.0 MB
Progress (2): 161/316 kB | 0.1/3.0 MB
Progress (2): 165/316 kB | 0.1/3.0 MB
Progress (2): 169/316 kB | 0.1/3.0 MB
Progress (3): 169/316 kB | 0.1/3.0 MB | 0.9/123 kB
Progress (3): 169/316 kB | 0.1/3.0 MB | 2.3/123 kB
Progress (3): 169/316 kB | 0.1/3.0 MB | 3.6/123 kB
Progress (3): 169/316 kB | 0.1/3.0 MB | 5.0/123 kB
Progress (3): 169/316 kB | 0.1/3.0 MB | 6.4/123 kB
Progress (3): 169/316 kB | 0.1/3.0 MB | 7.7/123 kB
Progress (3): 173/316 kB | 0.1/3.0 MB | 7.7/123 kB
Progress (3): 173/316 kB | 0.1/3.0 MB | 8.2/123 kB
Progress (3): 173/316 kB | 0.1/3.0 MB | 9.6/123 kB
Progress (3): 178/316 kB | 0.1/3.0 MB | 9.6/123 kB
Progress (3): 178/316 kB | 0.1/3.0 MB | 11/123 kB 
Progress (3): 178/316 kB | 0.1/3.0 MB | 12/123 kB
Progress (3): 182/316 kB | 0.1/3.0 MB | 12/123 kB
Progress (3): 182/316 kB | 0.1/3.0 MB | 14/123 kB
Progress (3): 186/316 kB | 0.1/3.0 MB | 14/123 kB
Progress (3): 186/316 kB | 0.1/3.0 MB | 15/123 kB
Progress (3): 190/316 kB | 0.1/3.0 MB | 15/123 kB
Progress (3): 190/316 kB | 0.1/3.0 MB | 16/123 kB
Progress (3): 190/316 kB | 0.1/3.0 MB | 18/123 kB
Progress (3): 195/316 kB | 0.1/3.0 MB | 18/123 kB
Progress (3): 195/316 kB | 0.1/3.0 MB | 19/123 kB
Progress (3): 195/316 kB | 0.1/3.0 MB | 21/123 kB
Progress (3): 199/316 kB | 0.1/3.0 MB | 21/123 kB
Progress (3): 199/316 kB | 0.1/3.0 MB | 22/123 kB
Progress (3): 199/316 kB | 0.1/3.0 MB | 23/123 kB
Progress (3): 203/316 kB | 0.1/3.0 MB | 23/123 kB
Progress (3): 203/316 kB | 0.1/3.0 MB | 25/123 kB
Progress (3): 203/316 kB | 0.1/3.0 MB | 26/123 kB
Progress (3): 203/316 kB | 0.1/3.0 MB | 27/123 kB
Progress (3): 207/316 kB | 0.1/3.0 MB | 27/123 kB
Progress (3): 207/316 kB | 0.1/3.0 MB | 32/123 kB
Progress (3): 211/316 kB | 0.1/3.0 MB | 32/123 kB
Progress (3): 211/316 kB | 0.1/3.0 MB | 36/123 kB
Progress (3): 211/316 kB | 0.1/3.0 MB | 40/123 kB
Progress (3): 211/316 kB | 0.1/3.0 MB | 44/123 kB
Progress (3): 211/316 kB | 0.1/3.0 MB | 49/123 kB
Progress (3): 216/316 kB | 0.1/3.0 MB | 49/123 kB
Progress (3): 216/316 kB | 0.1/3.0 MB | 53/123 kB
Progress (3): 216/316 kB | 0.1/3.0 MB | 57/123 kB
Progress (3): 216/316 kB | 0.1/3.0 MB | 61/123 kB
Progress (4): 216/316 kB | 0.1/3.0 MB | 61/123 kB | 3.4/57 kB
Progress (4): 216/316 kB | 0.1/3.0 MB | 61/123 kB | 20/57 kB 
Progress (4): 220/316 kB | 0.1/3.0 MB | 61/123 kB | 20/57 kB
Progress (4): 220/316 kB | 0.1/3.0 MB | 61/123 kB | 36/57 kB
Progress (4): 220/316 kB | 0.1/3.0 MB | 61/123 kB | 53/57 kB
Progress (5): 220/316 kB | 0.1/3.0 MB | 61/123 kB | 53/57 kB | 0.9/8.2 kB
Progress (5): 220/316 kB | 0.1/3.0 MB | 61/123 kB | 53/57 kB | 2.3/8.2 kB
Progress (5): 220/316 kB | 0.1/3.0 MB | 61/123 kB | 53/57 kB | 3.6/8.2 kB
Progress (5): 220/316 kB | 0.1/3.0 MB | 61/123 kB | 53/57 kB | 5.0/8.2 kB
Progress (5): 220/316 kB | 0.1/3.0 MB | 61/123 kB | 53/57 kB | 6.4/8.2 kB
Progress (5): 220/316 kB | 0.1/3.0 MB | 61/123 kB | 53/57 kB | 7.7/8.2 kB
Progress (5): 220/316 kB | 0.1/3.0 MB | 61/123 kB | 53/57 kB | 7.7/8.2 kB
Progress (5): 220/316 kB | 0.1/3.0 MB | 61/123 kB | 57 kB | 7.7/8.2 kB   
Progress (5): 220/316 kB | 0.1/3.0 MB | 61/123 kB | 57 kB | 8.2 kB    
Progress (5): 220/316 kB | 0.1/3.0 MB | 61/123 kB | 57 kB | 8.2 kB
Progress (5): 220/316 kB | 0.1/3.0 MB | 61/123 kB | 57 kB | 8.2 kB
Progress (5): 220/316 kB | 0.1/3.0 MB | 61/123 kB | 57 kB | 8.2 kB
                                                                  
Downloaded from central: https://repo.maven.apache.org/maven2/org/apache/maven/surefire/surefire-extensions-spi/3.5.5/surefire-extensions-spi-3.5.5.jar (8.2 kB at 21 kB/s)
Downloading from central: https://repo.maven.apache.org/maven2/org/ow2/asm/asm/9.9.1/asm-9.9.1.jar
Downloaded from central: https://repo.maven.apache.org/maven2/org/codehaus/plexus/plexus-java/1.5.2/plexus-java-1.5.2.jar (57 kB at 149 kB/s)
Progress (3): 220/316 kB | 0.1/3.0 MB | 61/123 kB
Progress (3): 220/316 kB | 0.2/3.0 MB | 61/123 kB
Progress (3): 236/316 kB | 0.2/3.0 MB | 61/123 kB
Progress (3): 236/316 kB | 0.2/3.0 MB | 61/123 kB
Progress (3): 236/316 kB | 0.2/3.0 MB | 61/123 kB
Progress (3): 253/316 kB | 0.2/3.0 MB | 61/123 kB
Progress (3): 253/316 kB | 0.2/3.0 MB | 61/123 kB
Progress (3): 262/316 kB | 0.2/3.0 MB | 61/123 kB
Progress (3): 262/316 kB | 0.2/3.0 MB | 61/123 kB
Progress (3): 262/316 kB | 0.2/3.0 MB | 61/123 kB
Progress (3): 262/316 kB | 0.2/3.0 MB | 61/123 kB
Progress (3): 262/316 kB | 0.2/3.0 MB | 61/123 kB
Progress (3): 262/316 kB | 0.2/3.0 MB | 61/123 kB
Progress (3): 262/316 kB | 0.2/3.0 MB | 65/123 kB
Progress (3): 262/316 kB | 0.2/3.0 MB | 65/123 kB
Progress (3): 262/316 kB | 0.2/3.0 MB | 66/123 kB
Progress (3): 262/316 kB | 0.2/3.0 MB | 66/123 kB
Progress (3): 262/316 kB | 0.2/3.0 MB | 70/123 kB
Progress (3): 279/316 kB | 0.2/3.0 MB | 70/123 kB
Progress (3): 279/316 kB | 0.2/3.0 MB | 70/123 kB
Progress (3): 279/316 kB | 0.2/3.0 MB | 70/123 kB
Progress (3): 279/316 kB | 0.2/3.0 MB | 70/123 kB
Progress (3): 295/316 kB | 0.2/3.0 MB | 70/123 kB
Progress (3): 295/316 kB | 0.2/3.0 MB | 70/123 kB
Progress (3): 295/316 kB | 0.2/3.0 MB | 70/123 kB
Progress (3): 295/316 kB | 0.2/3.0 MB | 70/123 kB
Progress (3): 295/316 kB | 0.2/3.0 MB | 70/123 kB
Progress (3): 295/316 kB | 0.2/3.0 MB | 70/123 kB
Progress (3): 295/316 kB | 0.3/3.0 MB | 70/123 kB
Progress (3): 295/316 kB | 0.3/3.0 MB | 74/123 kB
Progress (3): 295/316 kB | 0.3/3.0 MB | 78/123 kB
Progress (3): 295/316 kB | 0.3/3.0 MB | 82/123 kB
Progress (3): 295/316 kB | 0.3/3.0 MB | 87/123 kB
Progress (3): 295/316 kB | 0.3/3.0 MB | 91/123 kB
Progress (3): 311/316 kB | 0.3/3.0 MB | 91/123 kB
Progress (3): 311/316 kB | 0.3/3.0 MB | 95/123 kB
Progress (3): 316 kB | 0.3/3.0 MB | 95/123 kB    
Progress (3): 316 kB | 0.3/3.0 MB | 99/123 kB
Progress (3): 316 kB | 0.3/3.0 MB | 104/123 kB
Progress (3): 316 kB | 0.3/3.0 MB | 108/123 kB
Progress (3): 316 kB | 0.3/3.0 MB | 112/123 kB
Progress (3): 316 kB | 0.3/3.0 MB | 116/123 kB
Progress (3): 316 kB | 0.3/3.0 MB | 121/123 kB
Progress (3): 316 kB | 0.3/3.0 MB | 123 kB    
                                          
Downloaded from central: https://repo.maven.apache.org/maven2/org/apache/maven/surefire/maven-surefire-common/3.5.5/maven-surefire-common-3.5.5.jar (316 kB at 727 kB/s)
Progress (2): 0.3/3.0 MB | 123 kB
                                 
Downloaded from central: https://repo.maven.apache.org/maven2/org/apache/maven/surefire/surefire-booter/3.5.5/surefire-booter-3.5.5.jar (123 kB at 281 kB/s)
Progress (2): 0.3/3.0 MB | 0.9/126 kB
Progress (2): 0.3/3.0 MB | 2.3/126 kB
Progress (2): 0.3/3.0 MB | 3.6/126 kB
Progress (2): 0.3/3.0 MB | 5.0/126 kB
Progress (2): 0.3/3.0 MB | 6.4/126 kB
Progress (2): 0.3/3.0 MB | 7.7/126 kB
Progress (2): 0.3/3.0 MB | 8.2/126 kB
Progress (2): 0.3/3.0 MB | 9.6/126 kB
Progress (2): 0.3/3.0 MB | 11/126 kB 
Progress (2): 0.3/3.0 MB | 12/126 kB
Progress (2): 0.3/3.0 MB | 14/126 kB
Progress (2): 0.3/3.0 MB | 15/126 kB
Progress (2): 0.3/3.0 MB | 16/126 kB
Progress (2): 0.3/3.0 MB | 18/126 kB
Progress (2): 0.3/3.0 MB | 19/126 kB
Progress (2): 0.3/3.0 MB | 21/126 kB
Progress (2): 0.3/3.0 MB | 22/126 kB
Progress (2): 0.3/3.0 MB | 23/126 kB
Progress (2): 0.3/3.0 MB | 25/126 kB
Progress (2): 0.3/3.0 MB | 26/126 kB
Progress (2): 0.3/3.0 MB | 27/126 kB
Progress (2): 0.3/3.0 MB | 29/126 kB
Progress (2): 0.3/3.0 MB | 30/126 kB
Progress (2): 0.3/3.0 MB | 34/126 kB
Progress (2): 0.3/3.0 MB | 39/126 kB
Progress (2): 0.3/3.0 MB | 43/126 kB
Progress (2): 0.3/3.0 MB | 47/126 kB
Progress (2): 0.3/3.0 MB | 51/126 kB
Progress (2): 0.3/3.0 MB | 55/126 kB
Progress (2): 0.3/3.0 MB | 55/126 kB
Progress (2): 0.3/3.0 MB | 55/126 kB
Progress (2): 0.3/3.0 MB | 60/126 kB
Progress (2): 0.3/3.0 MB | 64/126 kB
Progress (2): 0.3/3.0 MB | 64/126 kB
Progress (2): 0.3/3.0 MB | 64/126 kB
Progress (2): 0.3/3.0 MB | 64/126 kB
Progress (2): 0.4/3.0 MB | 64/126 kB
Progress (2): 0.4/3.0 MB | 64/126 kB
Progress (2): 0.4/3.0 MB | 64/126 kB
Progress (2): 0.4/3.0 MB | 64/126 kB
Progress (2): 0.4/3.0 MB | 64/126 kB
Progress (2): 0.4/3.0 MB | 64/126 kB
Progress (2): 0.5/3.0 MB | 64/126 kB
Progress (2): 0.5/3.0 MB | 66/126 kB
Progress (2): 0.5/3.0 MB | 70/126 kB
Progress (2): 0.5/3.0 MB | 74/126 kB
Progress (2): 0.5/3.0 MB | 78/126 kB
Progress (2): 0.5/3.0 MB | 82/126 kB
Progress (2): 0.5/3.0 MB | 87/126 kB
Progress (2): 0.5/3.0 MB | 91/126 kB
Progress (2): 0.5/3.0 MB | 95/126 kB
Progress (2): 0.5/3.0 MB | 99/126 kB
Progress (2): 0.5/3.0 MB | 104/126 kB
Progress (2): 0.5/3.0 MB | 108/126 kB
Progress (2): 0.5/3.0 MB | 112/126 kB
Progress (2): 0.5/3.0 MB | 116/126 kB
Progress (2): 0.5/3.0 MB | 121/126 kB
Progress (2): 0.5/3.0 MB | 125/126 kB
Progress (2): 0.5/3.0 MB | 126 kB    
                                 
Downloaded from central: https://repo.maven.apache.org/maven2/org/ow2/asm/asm/9.9.1/asm-9.9.1.jar (126 kB at 255 kB/s)
Progress (1): 0.5/3.0 MB
Progress (1): 0.5/3.0 MB
Progress (1): 0.5/3.0 MB
Progress (1): 0.5/3.0 MB
Progress (1): 0.5/3.0 MB
Progress (1): 0.5/3.0 MB
Progress (1): 0.6/3.0 MB
Progress (1): 0.6/3.0 MB
Progress (1): 0.6/3.0 MB
Progress (1): 0.6/3.0 MB
Progress (1): 0.6/3.0 MB
Progress (1): 0.6/3.0 MB
Progress (1): 0.7/3.0 MB
Progress (1): 0.7/3.0 MB
Progress (1): 0.7/3.0 MB
Progress (1): 0.7/3.0 MB
Progress (1): 0.7/3.0 MB
Progress (1): 0.7/3.0 MB
Progress (1): 0.8/3.0 MB
Progress (1): 0.8/3.0 MB
Progress (1): 0.8/3.0 MB
Progress (1): 0.8/3.0 MB
Progress (1): 0.8/3.0 MB
Progress (1): 0.8/3.0 MB
Progress (1): 0.9/3.0 MB
Progress (1): 0.9/3.0 MB
Progress (1): 0.9/3.0 MB
Progress (1): 0.9/3.0 MB
Progress (1): 0.9/3.0 MB
Progress (1): 0.9/3.0 MB
Progress (1): 1.0/3.0 MB
Progress (1): 1.0/3.0 MB
Progress (1): 1.0/3.0 MB
Progress (1): 1.0/3.0 MB
Progress (1): 1.0/3.0 MB
Progress (1): 1.0/3.0 MB
Progress (1): 1.1/3.0 MB
Progress (1): 1.1/3.0 MB
Progress (1): 1.1/3.0 MB
Progress (1): 1.1/3.0 MB
Progress (1): 1.1/3.0 MB
Progress (1): 1.1/3.0 MB
Progress (1): 1.2/3.0 MB
Progress (1): 1.2/3.0 MB
Progress (1): 1.2/3.0 MB
Progress (1): 1.2/3.0 MB
Progress (1): 1.2/3.0 MB
Progress (1): 1.2/3.0 MB
Progress (1): 1.3/3.0 MB
Progress (1): 1.3/3.0 MB
Progress (1): 1.3/3.0 MB
Progress (1): 1.3/3.0 MB
Progress (1): 1.3/3.0 MB
Progress (1): 1.3/3.0 MB
Progress (1): 1.4/3.0 MB
Progress (1): 1.4/3.0 MB
Progress (1): 1.4/3.0 MB
Progress (1): 1.4/3.0 MB
Progress (1): 1.4/3.0 MB
Progress (1): 1.4/3.0 MB
Progress (1): 1.4/3.0 MB
Progress (1): 1.5/3.0 MB
Progress (1): 1.5/3.0 MB
Progress (1): 1.5/3.0 MB
Progress (1): 1.5/3.0 MB
Progress (1): 1.5/3.0 MB
Progress (1): 1.5/3.0 MB
Progress (1): 1.6/3.0 MB
Progress (1): 1.6/3.0 MB
Progress (1): 1.6/3.0 MB
Progress (1): 1.6/3.0 MB
Progress (1): 1.6/3.0 MB
Progress (1): 1.6/3.0 MB
Progress (1): 1.7/3.0 MB
Progress (1): 1.7/3.0 MB
Progress (1): 1.7/3.0 MB
Progress (1): 1.7/3.0 MB
Progress (1): 1.7/3.0 MB
Progress (1): 1.7/3.0 MB
Progress (1): 1.8/3.0 MB
Progress (1): 1.8/3.0 MB
Progress (1): 1.8/3.0 MB
Progress (1): 1.8/3.0 MB
Progress (1): 1.8/3.0 MB
Progress (1): 1.8/3.0 MB
Progress (1): 1.9/3.0 MB
Progress (1): 1.9/3.0 MB
Progress (1): 1.9/3.0 MB
Progress (1): 1.9/3.0 MB
Progress (1): 1.9/3.0 MB
Progress (1): 1.9/3.0 MB
Progress (1): 2.0/3.0 MB
Progress (1): 2.0/3.0 MB
Progress (1): 2.0/3.0 MB
Progress (1): 2.0/3.0 MB
Progress (1): 2.0/3.0 MB
Progress (1): 2.0/3.0 MB
Progress (1): 2.1/3.0 MB
Progress (1): 2.1/3.0 MB
Progress (1): 2.1/3.0 MB
Progress (1): 2.1/3.0 MB
Progress (1): 2.1/3.0 MB
Progress (1): 2.1/3.0 MB
Progress (1): 2.2/3.0 MB
Progress (1): 2.2/3.0 MB
Progress (1): 2.2/3.0 MB
Progress (1): 2.2/3.0 MB
Progress (1): 2.2/3.0 MB
Progress (1): 2.2/3.0 MB
Progress (1): 2.3/3.0 MB
Progress (1): 2.3/3.0 MB
Progress (1): 2.3/3.0 MB
Progress (1): 2.3/3.0 MB
Progress (1): 2.3/3.0 MB
Progress (1): 2.3/3.0 MB
Progress (1): 2.4/3.0 MB
Progress (1): 2.4/3.0 MB
Progress (1): 2.4/3.0 MB
Progress (1): 2.4/3.0 MB
Progress (1): 2.4/3.0 MB
Progress (1): 2.4/3.0 MB
Progress (1): 2.4/3.0 MB
Progress (1): 2.5/3.0 MB
Progress (1): 2.5/3.0 MB
Progress (1): 2.5/3.0 MB
Progress (1): 2.5/3.0 MB
Progress (1): 2.5/3.0 MB
Progress (1): 2.5/3.0 MB
Progress (1): 2.6/3.0 MB
Progress (1): 2.6/3.0 MB
Progress (1): 2.6/3.0 MB
Progress (1): 2.6/3.0 MB
Progress (1): 2.6/3.0 MB
Progress (1): 2.6/3.0 MB
Progress (1): 2.7/3.0 MB
Progress (1): 2.7/3.0 MB
Progress (1): 2.7/3.0 MB
Progress (1): 2.7/3.0 MB
Progress (1): 2.7/3.0 MB
Progress (1): 2.7/3.0 MB
Progress (1): 2.8/3.0 MB
Progress (1): 2.8/3.0 MB
Progress (1): 2.8/3.0 MB
Progress (1): 2.8/3.0 MB
Progress (1): 2.8/3.0 MB
Progress (1): 2.8/3.0 MB
Progress (1): 2.9/3.0 MB
Progress (1): 2.9/3.0 MB
Progress (1): 2.9/3.0 MB
Progress (1): 2.9/3.0 MB
Progress (1): 2.9/3.0 MB
Progress (1): 2.9/3.0 MB
Progress (1): 2.9/3.0 MB
Progress (1): 3.0/3.0 MB
Progress (1): 3.0 MB    
                    
Downloaded from central: https://repo.maven.apache.org/maven2/org/apache/maven/surefire/surefire-shared-utils/3.5.5/surefire-shared-utils-3.5.5.jar (3.0 MB at 2.4 MB/s)
[INFO] Tests are skipped.
[INFO] 
[INFO] --- jar:3.4.2:jar (default-jar) @ backend ---
[INFO] Building jar: C:\Users\Admin\Desktop\Smart_Campus_Hub_V2\backend\target\backend-0.0.1-SNAPSHOT.jar
[INFO] 
[INFO] --- spring-boot:4.0.5:repackage (repackage) @ backend ---
[INFO] Replacing main artifact C:\Users\Admin\Desktop\Smart_Campus_Hub_V2\backend\target\backend-0.0.1-SNAPSHOT.jar with repackaged archive, adding nested dependencies in BOOT-INF/.
[INFO] The original artifact has been renamed to C:\Users\Admin\Desktop\Smart_Campus_Hub_V2\backend\target\backend-0.0.1-SNAPSHOT.jar.original
[INFO] 
[INFO] --- install:3.1.4:install (default-install) @ backend ---
Downloading from central: https://repo.maven.apache.org/maven2/org/apache/maven/resolver/maven-resolver-util/1.9.22/maven-resolver-util-1.9.22.pom
Progress (1): 838 B
Progress (1): 2.2 kB
                    
Downloaded from central: https://repo.maven.apache.org/maven2/org/apache/maven/resolver/maven-resolver-util/1.9.22/maven-resolver-util-1.9.22.pom (2.2 kB at 5.5 kB/s)
Downloading from central: https://repo.maven.apache.org/maven2/org/apache/maven/resolver/maven-resolver/1.9.22/maven-resolver-1.9.22.pom
Progress (1): 756 B
Progress (1): 2.3 kB
Progress (1): 4.0 kB
Progress (1): 9.2 kB
Progress (1): 12 kB 
Progress (1): 16 kB
Progress (1): 19 kB
Progress (1): 22 kB
Progress (1): 23 kB
                   
Downloaded from central: https://repo.maven.apache.org/maven2/org/apache/maven/resolver/maven-resolver/1.9.22/maven-resolver-1.9.22.pom (23 kB at 379 kB/s)
Downloading from central: https://repo.maven.apache.org/maven2/org/apache/maven/resolver/maven-resolver-api/1.9.22/maven-resolver-api-1.9.22.pom
Progress (1): 834 B
Progress (1): 2.2 kB
                    
Downloaded from central: https://repo.maven.apache.org/maven2/org/apache/maven/resolver/maven-resolver-api/1.9.22/maven-resolver-api-1.9.22.pom (2.2 kB at 28 kB/s)
Downloading from central: https://repo.maven.apache.org/maven2/org/apache/maven/resolver/maven-resolver-util/1.9.22/maven-resolver-util-1.9.22.jar
Downloading from central: https://repo.maven.apache.org/maven2/org/apache/maven/resolver/maven-resolver-api/1.9.22/maven-resolver-api-1.9.22.jar
Progress (1): 3.3/196 kB
Progress (2): 3.3/196 kB | 7.7/157 kB
Progress (2): 3.3/196 kB | 8.2/157 kB
Progress (2): 3.3/196 kB | 25/157 kB 
Progress (2): 3.3/196 kB | 41/157 kB
Progress (2): 7.6/196 kB | 41/157 kB
Progress (2): 12/196 kB | 41/157 kB 
Progress (2): 16/196 kB | 41/157 kB
Progress (2): 20/196 kB | 41/157 kB
Progress (2): 24/196 kB | 41/157 kB
Progress (2): 29/196 kB | 41/157 kB
Progress (2): 33/196 kB | 41/157 kB
Progress (2): 37/196 kB | 41/157 kB
Progress (2): 41/196 kB | 41/157 kB
Progress (2): 46/196 kB | 41/157 kB
Progress (2): 50/196 kB | 41/157 kB
Progress (2): 54/196 kB | 41/157 kB
Progress (2): 58/196 kB | 41/157 kB
Progress (2): 63/196 kB | 41/157 kB
Progress (2): 67/196 kB | 41/157 kB
Progress (2): 83/196 kB | 41/157 kB
Progress (2): 93/196 kB | 41/157 kB
Progress (2): 110/196 kB | 41/157 kB
Progress (2): 126/196 kB | 41/157 kB
Progress (2): 143/196 kB | 41/157 kB
Progress (2): 159/196 kB | 41/157 kB
Progress (2): 159/196 kB | 57/157 kB
Progress (2): 159/196 kB | 74/157 kB
Progress (2): 159/196 kB | 90/157 kB
Progress (2): 159/196 kB | 106/157 kB
Progress (2): 159/196 kB | 115/157 kB
Progress (2): 159/196 kB | 123/157 kB
Progress (2): 159/196 kB | 139/157 kB
Progress (2): 159/196 kB | 156/157 kB
Progress (2): 159/196 kB | 157 kB    
                                 
Downloaded from central: https://repo.maven.apache.org/maven2/org/apache/maven/resolver/maven-resolver-api/1.9.22/maven-resolver-api-1.9.22.jar (157 kB at 1.1 MB/s)
Progress (1): 175/196 kB
Progress (1): 192/196 kB
Progress (1): 196 kB    
                    
Downloaded from central: https://repo.maven.apache.org/maven2/org/apache/maven/resolver/maven-resolver-util/1.9.22/maven-resolver-util-1.9.22.jar (196 kB at 1.1 MB/s)
[INFO] Installing C:\Users\Admin\Desktop\Smart_Campus_Hub_V2\backend\pom.xml to C:\Users\Admin\.m2\repository\com\smartcampus\backend\0.0.1-SNAPSHOT\backend-0.0.1-SNAPSHOT.pom
[INFO] Installing C:\Users\Admin\Desktop\Smart_Campus_Hub_V2\backend\target\backend-0.0.1-SNAPSHOT.jar to C:\Users\Admin\.m2\repository\com\smartcampus\backend\0.0.1-SNAPSHOT\backend-0.0.1-SNAPSHOT.jar
[INFO] ------------------------------------------------------------------------
[INFO] BUILD SUCCESS
[INFO] ------------------------------------------------------------------------
[INFO] Total time:  7.911 s
[INFO] Finished at: 2026-04-08T02:36:26+05:30
[INFO] ------------------------------------------------------------------------
