[INFO] Scanning for projects...
[INFO] 
[INFO] ----------------------< com.smartcampus:backend >-----------------------
[INFO] Building Smart Campus Hub Backend 0.0.1-SNAPSHOT
[INFO]   from pom.xml
[INFO] --------------------------------[ jar ]---------------------------------
[INFO] 
[INFO] --- clean:3.5.0:clean (default-clean) @ backend ---
[INFO] Deleting C:\Users\Admin\Desktop\Smart_Campus_Hub_V2\backend\target
[INFO] 
[INFO] --- resources:3.3.1:resources (default-resources) @ backend ---
[INFO] Copying 1 resource from src\main\resources to target\classes
[INFO] Copying 0 resource from src\main\resources to target\classes
[INFO] 
[INFO] --- compiler:3.14.1:compile (default-compile) @ backend ---
[INFO] Recompiling the module because of changed source code.
[INFO] Compiling 6 source files with javac [debug parameters release 21] to target\classes
mvn : WARNING: A terminally deprecated 
method in sun.misc.Unsafe has been called
At line:1 char:1
+ mvn clean compile 2>&1 | Out-File 
"C:\Users\Admin\Desktop\Smart_Campu ...
+ ~~~~~~~~~~~~~~~~~~~~~~
    + CategoryInfo          : NotSpecified: 
    (WARNING: A term...has been called:Str  
  ing) [], RemoteException
    + FullyQualifiedErrorId : NativeCommand 
   Error
 
WARNING: sun.misc.Unsafe::objectFieldOffset 
has been called by lombok.permit.Permit
WARNING: Please consider reporting this to 
the maintainers of class 
lombok.permit.Permit
WARNING: sun.misc.Unsafe::objectFieldOffset 
will be removed in a future release
[INFO] -------------------------------------------------------------
[ERROR] COMPILATION ERROR : 
[INFO] -------------------------------------------------------------
[ERROR] /C:/Users/Admin/Desktop/Smart_Campus_Hub_V2/backend/src/main/java/com/smartcampus/backend/BackendApplication.java:[5,53] package org.springframework.boot.autoconfigure.domain does not exist
[ERROR] /C:/Users/Admin/Desktop/Smart_Campus_Hub_V2/backend/src/main/java/com/smartcampus/backend/BackendApplication.java:[10,2] cannot find symbol
  symbol: class EntityScan
[INFO] 2 errors 
[INFO] -------------------------------------------------------------
[INFO] ------------------------------------------------------------------------
[INFO] BUILD FAILURE
[INFO] ------------------------------------------------------------------------
[INFO] Total time:  2.084 s
[INFO] Finished at: 2026-04-08T00:54:11+05:30
[INFO] ------------------------------------------------------------------------
[ERROR] Failed to execute goal org.apache.maven.plugins:maven-compiler-plugin:3.14.1:compile (default-compile) on project backend: Compilation failure: Compilation failure: 
[ERROR] /C:/Users/Admin/Desktop/Smart_Campus_Hub_V2/backend/src/main/java/com/smartcampus/backend/BackendApplication.java:[5,53] package org.springframework.boot.autoconfigure.domain does not exist
[ERROR] /C:/Users/Admin/Desktop/Smart_Campus_Hub_V2/backend/src/main/java/com/smartcampus/backend/BackendApplication.java:[10,2] cannot find symbol
[ERROR]   symbol: class EntityScan
[ERROR] -> [Help 1]
[ERROR] 
[ERROR] To see the full stack trace of the errors, re-run Maven with the -e switch.
[ERROR] Re-run Maven using the -X switch to enable full debug logging.
[ERROR] 
[ERROR] For more information about the errors and possible solutions, please read the following articles:
[ERROR] [Help 1] http://cwiki.apache.org/confluence/display/MAVEN/MojoFailureException
