[INFO] Scanning for projects...
[INFO] 
[INFO] ----------------------< com.smartcampus:backend >-----------------------
[INFO] Building Smart Campus Hub Backend 0.0.1-SNAPSHOT
[INFO]   from pom.xml
[INFO] --------------------------------[ jar ]---------------------------------
[INFO] 
[INFO] >>> spring-boot:4.0.5:run (default-cli) > test-compile @ backend >>>
[INFO] 
[INFO] --- resources:3.3.1:resources (default-resources) @ backend ---
[INFO] Copying 1 resource from src\main\resources to target\classes
[INFO] Copying 0 resource from src\main\resources to target\classes
[INFO] 
[INFO] --- compiler:3.14.1:compile (default-compile) @ backend ---
[INFO] Nothing to compile - all classes are up to date.
[INFO] 
[INFO] --- resources:3.3.1:testResources (default-testResources) @ backend ---
[INFO] skip non existing resourceDirectory C:\Users\Admin\Desktop\Smart_Campus_Hub_V2\backend\src\test\resources
[INFO] 
[INFO] --- compiler:3.14.1:testCompile (default-testCompile) @ backend ---
[INFO] Nothing to compile - all classes are up to date.
[INFO] 
[INFO] <<< spring-boot:4.0.5:run (default-cli) < test-compile @ backend <<<
[INFO] 
[INFO] 
[INFO] --- spring-boot:4.0.5:run (default-cli) @ backend ---
[INFO] Attaching agents: []

  .   ____          _            __ _ _
 /\\ / ___'_ __ _ _(_)_ __  __ _ \ \ \ \
( ( )\___ | '_ | '_| | '_ \/ _` | \ \ \ \
 \\/  ___)| |_)| | | | | || (_| |  ) ) ) )
  '  |____| .__|_| |_|_| |_\__, | / / / /
 =========|_|==============|___/=/_/_/_/

 :: Spring Boot ::                (v4.0.5)

2026-04-08T00:57:17.925+05:30  INFO 16592 --- [Smart Campus Hub] [           main] c.s.backend.BackendApplication           : Starting BackendApplication using Java 25.0.1 with PID 16592 (C:\Users\Admin\Desktop\Smart_Campus_Hub_V2\backend\target\classes started by Admin in C:\Users\Admin\Desktop\Smart_Campus_Hub_V2\backend)
2026-04-08T00:57:17.927+05:30  INFO 16592 --- [Smart Campus Hub] [           main] c.s.backend.BackendApplication           : No active profile set, falling back to 1 default profile: "default"
