[INFO] Scanning for projects...
[INFO] 
[INFO] ----------------------< com.smartcampus:backend >-----------------------
[INFO] Building Smart Campus Hub Backend 0.0.1-SNAPSHOT
[INFO]   from pom.xml
[INFO] --------------------------------[ jar ]---------------------------------
[INFO] 
[INFO] >>> spring-boot:4.0.5:run (default-cli) > test-compile @ backend >>>
[INFO] 
[INFO] --- resources:3.3.1:resources (default-resources) @ backend ---
[INFO] Copying 1 resource from src\main\resources to target\classes
[INFO] Copying 0 resource from src\main\resources to target\classes
[INFO] 
[INFO] --- compiler:3.14.1:compile (default-compile) @ backend ---
[INFO] Nothing to compile - all classes are up to date.
[INFO] 
[INFO] --- resources:3.3.1:testResources (default-testResources) @ backend ---
[INFO] skip non existing resourceDirectory C:\Users\Admin\Desktop\Smart_Campus_Hub_V2\backend\src\test\resources
[INFO] 
[INFO] --- compiler:3.14.1:testCompile (default-testCompile) @ backend ---
[INFO] Nothing to compile - all classes are up to date.
[INFO] 
[INFO] <<< spring-boot:4.0.5:run (default-cli) < test-compile @ backend <<<
[INFO] 
[INFO] 
[INFO] --- spring-boot:4.0.5:run (default-cli) @ backend ---
[INFO] Attaching agents: []

  .   ____          _            __ _ _
 /\\ / ___'_ __ _ _(_)_ __  __ _ \ \ \ \
( ( )\___ | '_ | '_| | '_ \/ _` | \ \ \ \
 \\/  ___)| |_)| | | | | || (_| |  ) ) ) )
  '  |____| .__|_| |_|_| |_\__, | / / / /
 =========|_|==============|___/=/_/_/_/

 :: Spring Boot ::                (v4.0.5)

2026-04-08T01:23:15.120+05:30  INFO 28424 --- [Smart Campus Hub] [           main] c.s.backend.BackendApplication           : Starting BackendApplication using Java 25.0.1 with PID 28424 (C:\Users\Admin\Desktop\Smart_Campus_Hub_V2\backend\target\classes started by Admin in C:\Users\Admin\Desktop\Smart_Campus_Hub_V2\backend)
2026-04-08T01:23:15.122+05:30  INFO 28424 --- [Smart Campus Hub] [           main] c.s.backend.BackendApplication           : No active profile set, falling back to 1 default profile: "default"
2026-04-08T01:23:15.425+05:30  INFO 28424 --- [Smart Campus Hub] [           main] .s.d.r.c.RepositoryConfigurationDelegate : Bootstrapping Spring Data JPA repositories in DEFAULT mode.
2026-04-08T01:23:15.452+05:30  INFO 28424 --- [Smart Campus Hub] [           main] .s.d.r.c.RepositoryConfigurationDelegate : Finished Spring Data repository scanning in 22 ms. Found 1 JPA repository interface.
2026-04-08T01:23:15.855+05:30  INFO 28424 --- [Smart Campus Hub] [           main] o.s.boot.tomcat.TomcatWebServer          : Tomcat initialized with port 8081 (http)
2026-04-08T01:23:15.863+05:30  INFO 28424 --- [Smart Campus Hub] [           main] o.apache.catalina.core.StandardService   : Starting service [Tomcat]
2026-04-08T01:23:15.863+05:30  INFO 28424 --- [Smart Campus Hub] [           main] o.apache.catalina.core.StandardEngine    : Starting Servlet engine: [Apache Tomcat/11.0.20]
2026-04-08T01:23:15.900+05:30  INFO 28424 --- [Smart Campus Hub] [           main] b.w.c.s.WebApplicationContextInitializer : Root WebApplicationContext: initialization completed in 745 ms
2026-04-08T01:23:16.027+05:30  INFO 28424 --- [Smart Campus Hub] [           main] org.hibernate.orm.jpa                    : HHH008540: Processing PersistenceUnitInfo [name: default]
2026-04-08T01:23:16.058+05:30  INFO 28424 --- [Smart Campus Hub] [           main] org.hibernate.orm.core                   : HHH000001: Hibernate ORM core version 7.2.7.Final
2026-04-08T01:23:16.332+05:30  INFO 28424 --- [Smart Campus Hub] [           main] o.s.o.j.p.SpringPersistenceUnitInfo      : No LoadTimeWeaver setup: ignoring JPA class transformer
2026-04-08T01:23:16.353+05:30  INFO 28424 --- [Smart Campus Hub] [           main] com.zaxxer.hikari.HikariDataSource       : HikariPool-1 - Starting...
2026-04-08T01:23:16.454+05:30  INFO 28424 --- [Smart Campus Hub] [           main] com.zaxxer.hikari.pool.HikariPool        : HikariPool-1 - Added connection com.mysql.cj.jdbc.ConnectionImpl@21d8da75
2026-04-08T01:23:16.455+05:30  INFO 28424 --- [Smart Campus Hub] [           main] com.zaxxer.hikari.HikariDataSource       : HikariPool-1 - Start completed.
2026-04-08T01:23:16.480+05:30  WARN 28424 --- [Smart Campus Hub] [           main] org.hibernate.orm.core                   : HHH000511: The 5.5.5 version for [org.hibernate.dialect.MySQLDialect] is no longer supported, hence certain features may not work properly.The minimum supported version is 8.0.0. Check the community dialects project for available legacy versions.
2026-04-08T01:23:16.481+05:30  WARN 28424 --- [Smart Campus Hub] [           main] org.hibernate.orm.deprecation            : HHH90000025: MySQLDialect does not need to be specified explicitly using 'hibernate.dialect' (remove the property setting and it will be selected by default)
2026-04-08T01:23:16.492+05:30  INFO 28424 --- [Smart Campus Hub] [           main] org.hibernate.orm.connections.pooling    : HHH10001005: Database info:
	Database JDBC URL [jdbc:mysql://localhost:3306/smart_campus_db?createDatabaseIfNotExist=true&useSSL=false&serverTimezone=UTC&allowPublicKeyRetrieval=true]
	Database driver: MySQL Connector/J
	Database dialect: MySQLDialect
	Database version: 5.5.5
	Default catalog/schema: smart_campus_db/undefined
	Autocommit mode: undefined/unknown
	Isolation level: REPEATABLE_READ [default REPEATABLE_READ]
	JDBC fetch size: none
	Pool: DataSourceConnectionProvider
	Minimum pool size: undefined/unknown
	Maximum pool size: undefined/unknown
2026-04-08T01:23:16.987+05:30  INFO 28424 --- [Smart Campus Hub] [           main] org.hibernate.orm.core                   : HHH000489: No JTA platform available (set 'hibernate.transaction.jta.platform' to enable JTA platform integration)
2026-04-08T01:23:17.224+05:30  INFO 28424 --- [Smart Campus Hub] [           main] j.LocalContainerEntityManagerFactoryBean : Initialized JPA EntityManagerFactory for persistence unit 'default'
2026-04-08T01:23:17.278+05:30  INFO 28424 --- [Smart Campus Hub] [           main] o.s.d.j.r.query.QueryEnhancerFactories   : Hibernate is in classpath; If applicable, HQL parser will be used.
2026-04-08T01:23:17.397+05:30  WARN 28424 --- [Smart Campus Hub] [           main] o.s.aop.framework.CglibAopProxy          : Public final method [public final void org.springframework.security.oauth2.client.userinfo.DefaultOAuth2UserService.setRequestEntityConverter(org.springframework.core.convert.converter.Converter)] cannot get proxied via CGLIB, consider removing the final marker or using interface-based JDK proxies.
2026-04-08T01:23:17.397+05:30  WARN 28424 --- [Smart Campus Hub] [           main] o.s.aop.framework.CglibAopProxy          : Public final method [public final void org.springframework.security.oauth2.client.userinfo.DefaultOAuth2UserService.setRestOperations(org.springframework.web.client.RestOperations)] cannot get proxied via CGLIB, consider removing the final marker or using interface-based JDK proxies.
2026-04-08T01:23:17.549+05:30  WARN 28424 --- [Smart Campus Hub] [           main] JpaBaseConfiguration$JpaWebConfiguration : spring.jpa.open-in-view is enabled by default. Therefore, database queries may be performed during view rendering. Explicitly configure spring.jpa.open-in-view to disable this warning
2026-04-08T01:23:17.820+05:30  INFO 28424 --- [Smart Campus Hub] [           main] o.s.boot.tomcat.TomcatWebServer          : Tomcat started on port 8081 (http) with context path '/'
2026-04-08T01:23:17.823+05:30  INFO 28424 --- [Smart Campus Hub] [           main] c.s.backend.BackendApplication           : Started BackendApplication in 2.969 seconds (process running for 3.206)
2026-04-08T01:38:57.346+05:30  INFO 28424 --- [Smart Campus Hub] [nio-8081-exec-1] o.a.c.c.C.[Tomcat].[localhost].[/]       : Initializing Spring DispatcherServlet 'dispatcherServlet'
2026-04-08T01:38:57.347+05:30  INFO 28424 --- [Smart Campus Hub] [nio-8081-exec-1] o.s.web.servlet.DispatcherServlet        : Initializing Servlet 'dispatcherServlet'
2026-04-08T01:38:57.349+05:30  INFO 28424 --- [Smart Campus Hub] [nio-8081-exec-1] o.s.web.servlet.DispatcherServlet        : Completed initialization in 2 ms
